---------------------------------------------------------------------------------------------------------------------
      name:  <unnamed>
       log:  V:\czhang\Stata\output.log
  log type:  text
 opened on:  28 Jun 2016, 21:14:33

. 
. * Read in data
. import delimited "data.csv", clear
(4 vars, 187 obs)

. 
. * log transformation of income
. gen log_income = log(income)

. 
. * run regression
. regress health log_income

      Source |       SS           df       MS      Number of obs   =       187
-------------+----------------------------------   F(1, 185)       =    346.13
       Model |  7278.46216         1  7278.46216   Prob > F        =    0.0000
    Residual |  3890.16179       185  21.0279016   R-squared       =    0.6517
-------------+----------------------------------   Adj R-squared   =    0.6498
       Total |   11168.624       186  60.0463653   Root MSE        =    4.5856

------------------------------------------------------------------------------
      health |      Coef.   Std. Err.      t    P>|t|     [95% Conf. Interval]
-------------+----------------------------------------------------------------
  log_income |   5.162726   .2774963    18.60   0.000     4.615262    5.710191
       _cons |   24.51405   2.556891     9.59   0.000     19.46964    29.55846
------------------------------------------------------------------------------

. 
. * calculate residuals (raw & standardized) plus fitted values
. predict resids, residuals

. predict std_resids, rstandard

. predict stu_resids, rstudent

. predict fitted 
(option xb assumed; fitted values)

. 
. list country resids std_resids stu_resids fitted in 1/5

     +------------------------------------------------------------+
     |     country      resids   std_res~s   stu_res~s     fitted |
     |------------------------------------------------------------|
  1. | Afghanistan   -5.928102   -1.302166   -1.304635    63.5581 |
  2. |     Albania    3.624925    .7926475    .7918481   72.37508 |
  3. |     Algeria     2.91143    .6367702    .6357439   73.58857 |
  4. |     Andorra    4.092515    .8991871    .8987197   80.00748 |
  5. |      Angola   -9.657851   -2.111922   -2.132064   70.65785 |
     +------------------------------------------------------------+

. 
. * assess the regression model
. 
. ** raw residuals v. fitted
. rvfplot, yline(0) title("Residuals vs Fitted")

. graph save "residsvfitted", replace
(file residsvfitted.gph saved)

. 
. ** q-q plot
. qnorm std_resids, title("Normal Q-Q") // overlays 45% line

. graph save "qqplot", replace
(file qqplot.gph saved)

. 
. ** scale-location
. rvfplot2, rstandard rscale(sqrt(abs(X))) lowess title("Scale-Location")

. graph save "scaleloc", replace
(file scaleloc.gph saved)

. 
. ** leverage plot
. lvr2plot, mlabel(country) mlabsize(small) title("Leverage") // leverage v. resid^2

. graph save "leverage", replace
(file leverage.gph saved)

. 
. graph combine "residsvfitted.gph" "qqplot.gph" "scaleloc.gph" "leverage.gph"

. graph export "regplots.png", replace
(file regplots.png written in PNG format)

. 
. ** Cook's D
. predict cooksD, cooksd

. 
. gsort -cooksD // sort in descending order

. list cooksD country health log_income in 1/5 

     +--------------------------------------------------+
     |   cooksD             country   health   log_in~e |
     |--------------------------------------------------|
  1. | .0777807   Equatorial Guinea    60.63   10.34455 |
  2. | .0756131             Lesotho     48.5   7.862497 |
  3. | .0467605           Swaziland     51.5   8.715224 |
  4. | .0414864         North Korea     71.4   7.237059 |
  5. | .0373996               Gabon    60.53   9.832367 |
     +--------------------------------------------------+

. 
. log close
      name:  <unnamed>
       log:  V:\czhang\Stata\output.log
  log type:  text
 closed on:  28 Jun 2016, 21:14:49
---------------------------------------------------------------------------------------------------------------------
